SweetCalendar/app/build/intermediates/manifest_merge_blame_file/debug/processDebugMainManifest/manifest-merger-blame-debug-report.txt
1<?xml version="1.0" encoding="utf-8"?>
2<manifest xmlns:android="http://schemas.android.com/apk/res/android"
3    package="com.sweetcalendar"
4    android:versionCode="1"
5    android:versionName="1.0" >
6
7    <uses-sdk
8        android:minSdkVersion="25"
9        android:targetSdkVersion="34" />
10
11    <uses-permission android:name="android.permission.INTERNET" />
11-->src\main\AndroidManifest.xml:4:5-67
11-->src\main\AndroidManifest.xml:4:22-64
12    <uses-permission android:name="android.permission.POST_NOTIFICATIONS" />
12-->src\main\AndroidManifest.xml:5:5-77
12-->src\main\AndroidManifest.xml:5:22-74
13    <uses-permission android:name="android.permission.RECEIVE_BOOT_COMPLETED" />
13-->src\main\AndroidManifest.xml:6:5-81
13-->src\main\AndroidManifest.xml:6:22-78
14    <uses-permission android:name="android.permission.SCHEDULE_EXACT_ALARM" />
14-->src\main\AndroidManifest.xml:7:5-79
14-->src\main\AndroidManifest.xml:7:22-76
15    <uses-permission
15-->src\main\AndroidManifest.xml:9:5-108
16        android:name="android.permission.WRITE_EXTERNAL_STORAGE"
16-->src\main\AndroidManifest.xml:9:22-78
17        android:maxSdkVersion="28" />
17-->src\main\AndroidManifest.xml:9:79-105
18
19    <permission
19-->[androidx.core:core:1.13.1] AndroidManifest.xml:22:5-24:47
20        android:name="com.sweetcalendar.DYNAMIC_RECEIVER_NOT_EXPORTED_PERMISSION"
20-->[androidx.core:core:1.13.1] AndroidManifest.xml:23:9-81
21        android:protectionLevel="signature" />
21-->[androidx.core:core:1.13.1] AndroidManifest.xml:24:9-44
22
23    <uses-permission android:name="com.sweetcalendar.DYNAMIC_RECEIVER_NOT_EXPORTED_PERMISSION" />
23-->[androidx.core:core:1.13.1] AndroidManifest.xml:26:5-97
23-->[androidx.core:core:1.13.1] AndroidManifest.xml:26:22-94
24
25    <application
25-->src\main\AndroidManifest.xml:11:5-84:19
26        android:name="com.sweetcalendar.CalendarTodoApp"
26-->src\main\AndroidManifest.xml:12:9-40
27        android:allowBackup="true"
27-->src\main\AndroidManifest.xml:13:9-35
28        android:appComponentFactory="androidx.core.app.CoreComponentFactory"
28-->[androidx.core:core:1.13.1] AndroidManifest.xml:28:18-86
29        android:debuggable="true"
30        android:extractNativeLibs="false"
31        android:icon="@mipmap/ic_launcher"
31-->src\main\AndroidManifest.xml:14:9-43
32        android:label="@string/app_name"
32-->src\main\AndroidManifest.xml:16:9-41
33        android:roundIcon="@mipmap/ic_launcher_round"
33-->src\main\AndroidManifest.xml:15:9-54
34        android:supportsRtl="true"
34-->src\main\AndroidManifest.xml:17:9-35
35        android:theme="@style/Theme.CalendarTodo" >
35-->src\main\AndroidManifest.xml:18:9-50
36        <activity
36-->src\main\AndroidManifest.xml:20:9-29:20
37            android:name="com.sweetcalendar.MainActivity"
37-->src\main\AndroidManifest.xml:21:13-41
38            android:exported="true"
38-->src\main\AndroidManifest.xml:22:13-36
39            android:screenOrientation="portrait"
39-->src\main\AndroidManifest.xml:23:13-49
40            android:theme="@style/Theme.CalendarTodo" >
40-->src\main\AndroidManifest.xml:24:13-54
41            <intent-filter>
41-->src\main\AndroidManifest.xml:25:13-28:29
42                <action android:name="android.intent.action.MAIN" />
42-->src\main\AndroidManifest.xml:26:17-69
42-->src\main\AndroidManifest.xml:26:25-66
43
44                <category android:name="android.intent.category.LAUNCHER" />
44-->src\main\AndroidManifest.xml:27:17-77
44-->src\main\AndroidManifest.xml:27:27-74
45            </intent-filter>
46        </activity>
47        <activity
47-->src\main\AndroidManifest.xml:31:9-37:57
48            android:name="com.sweetcalendar.ui.alarm.AlarmActivity"
48-->src\main\AndroidManifest.xml:32:13-51
49            android:exported="false"
49-->src\main\AndroidManifest.xml:33:13-37
50            android:screenOrientation="portrait"
50-->src\main\AndroidManifest.xml:34:13-49
51            android:showOnLockScreen="true"
51-->src\main\AndroidManifest.xml:35:13-44
52            android:theme="@style/Theme.CalendarTodo"
52-->src\main\AndroidManifest.xml:37:13-54
53            android:turnScreenOn="true" />
53-->src\main\AndroidManifest.xml:36:13-40
54
55        <receiver
55-->src\main\AndroidManifest.xml:39:9-41:40
56            android:name="com.sweetcalendar.reminder.TaskReminderReceiver"
56-->src\main\AndroidManifest.xml:40:13-58
57            android:exported="false" />
57-->src\main\AndroidManifest.xml:41:13-37
58        <receiver
58-->src\main\AndroidManifest.xml:43:9-49:20
59            android:name="com.sweetcalendar.reminder.BootReceiver"
59-->src\main\AndroidManifest.xml:44:13-50
60            android:exported="true" >
60-->src\main\AndroidManifest.xml:45:13-36
61            <intent-filter>
61-->src\main\AndroidManifest.xml:46:13-48:29
62                <action android:name="android.intent.action.BOOT_COMPLETED" />
62-->src\main\AndroidManifest.xml:47:17-79
62-->src\main\AndroidManifest.xml:47:25-76
63            </intent-filter>
64        </receiver>
65        <receiver
65-->src\main\AndroidManifest.xml:51:9-61:20
66            android:name="com.sweetcalendar.widget.TodayWidgetProvider"
66-->src\main\AndroidManifest.xml:52:13-55
67            android:exported="true"
67-->src\main\AndroidManifest.xml:53:13-36
68            android:label="@string/app_name" >
68-->src\main\AndroidManifest.xml:54:13-45
69            <intent-filter>
69-->src\main\AndroidManifest.xml:55:13-57:29
70                <action android:name="android.appwidget.action.APPWIDGET_UPDATE" />
70-->src\main\AndroidManifest.xml:56:17-84
70-->src\main\AndroidManifest.xml:56:25-81
71            </intent-filter>
72
73            <meta-data
73-->src\main\AndroidManifest.xml:58:13-60:61
74                android:name="android.appwidget.provider"
74-->src\main\AndroidManifest.xml:59:17-58
75                android:resource="@xml/widget_today_info" />
75-->src\main\AndroidManifest.xml:60:17-58
76        </receiver>
77        <receiver
77-->src\main\AndroidManifest.xml:63:9-73:20
78            android:name="com.sweetcalendar.widget.JarWidgetProvider"
78-->src\main\AndroidManifest.xml:64:13-53
79            android:exported="true"
79-->src\main\AndroidManifest.xml:65:13-36
80            android:label="@string/widget_jar_label" >
80-->src\main\AndroidManifest.xml:66:13-53
81            <intent-filter>
81-->src\main\AndroidManifest.xml:55:13-57:29
82                <action android:name="android.appwidget.action.APPWIDGET_UPDATE" />
82-->src\main\AndroidManifest.xml:56:17-84
82-->src\main\AndroidManifest.xml:56:25-81
83            </intent-filter>
84
85            <meta-data
85-->src\main\AndroidManifest.xml:58:13-60:61
86                android:name="android.appwidget.provider"
86-->src\main\AndroidManifest.xml:59:17-58
87                android:resource="@xml/widget_jar_small_info" />
87-->src\main\AndroidManifest.xml:60:17-58
88        </receiver>
89
90        <provider
91            android:name="androidx.core.content.FileProvider"
91-->src\main\AndroidManifest.xml:76:13-62
92            android:authorities="com.sweetcalendar.fileprovider"
92-->src\main\AndroidManifest.xml:77:13-64
93            android:exported="false"
93-->src\main\AndroidManifest.xml:78:13-37
94            android:grantUriPermissions="true" >
94-->src\main\AndroidManifest.xml:79:13-47
95            <meta-data
95-->src\main\AndroidManifest.xml:80:13-82:54
96                android:name="android.support.FILE_PROVIDER_PATHS"
96-->src\main\AndroidManifest.xml:81:17-67
97                android:resource="@xml/file_paths" />
97-->src\main\AndroidManifest.xml:82:17-51
98        </provider>
99
100        <activity
100-->[androidx.compose.ui:ui-tooling-android:1.6.8] AndroidManifest.xml:23:9-25:39
101            android:name="androidx.compose.ui.tooling.PreviewActivity"
101-->[androidx.compose.ui:ui-tooling-android:1.6.8] AndroidManifest.xml:24:13-71
102            android:exported="true" />
102-->[androidx.compose.ui:ui-tooling-android:1.6.8] AndroidManifest.xml:25:13-36
103
104        <provider
104-->[androidx.emoji2:emoji2:1.3.0] AndroidManifest.xml:24:9-32:20
105            android:name="androidx.startup.InitializationProvider"
105-->[androidx.emoji2:emoji2:1.3.0] AndroidManifest.xml:25:13-67
106            android:authorities="com.sweetcalendar.androidx-startup"
106-->[androidx.emoji2:emoji2:1.3.0] AndroidManifest.xml:26:13-68
107            android:exported="false" >
107-->[androidx.emoji2:emoji2:1.3.0] AndroidManifest.xml:27:13-37
108            <meta-data
108-->[androidx.emoji2:emoji2:1.3.0] AndroidManifest.xml:29:13-31:52
109                android:name="androidx.emoji2.text.EmojiCompatInitializer"
109-->[androidx.emoji2:emoji2:1.3.0] AndroidManifest.xml:30:17-75
110                android:value="androidx.startup" />
110-->[androidx.emoji2:emoji2:1.3.0] AndroidManifest.xml:31:17-49
111            <meta-data
111-->[androidx.lifecycle:lifecycle-process:2.8.4] AndroidManifest.xml:29:13-31:52
112                android:name="androidx.lifecycle.ProcessLifecycleInitializer"
112-->[androidx.lifecycle:lifecycle-process:2.8.4] AndroidManifest.xml:30:17-78
113                android:value="androidx.startup" />
113-->[androidx.lifecycle:lifecycle-process:2.8.4] AndroidManifest.xml:31:17-49
114            <meta-data
114-->[androidx.profileinstaller:profileinstaller:1.3.1] AndroidManifest.xml:29:13-31:52
115                android:name="androidx.profileinstaller.ProfileInstallerInitializer"
115-->[androidx.profileinstaller:profileinstaller:1.3.1] AndroidManifest.xml:30:17-85
116                android:value="androidx.startup" />
116-->[androidx.profileinstaller:profileinstaller:1.3.1] AndroidManifest.xml:31:17-49
117        </provider>
118
119        <service
119-->[androidx.room:room-runtime:2.6.1] AndroidManifest.xml:24:9-28:63
120            android:name="androidx.room.MultiInstanceInvalidationService"
120-->[androidx.room:room-runtime:2.6.1] AndroidManifest.xml:25:13-74
121            android:directBootAware="true"
121-->[androidx.room:room-runtime:2.6.1] AndroidManifest.xml:26:13-43
122            android:exported="false" />
122-->[androidx.room:room-runtime:2.6.1] AndroidManifest.xml:27:13-37
123
124        <receiver
124-->[androidx.profileinstaller:profileinstaller:1.3.1] AndroidManifest.xml:34:9-52:20
125            android:name="androidx.profileinstaller.ProfileInstallReceiver"
125-->[androidx.profileinstaller:profileinstaller:1.3.1] AndroidManifest.xml:35:13-76
126            android:directBootAware="false"
126-->[androidx.profileinstaller:profileinstaller:1.3.1] AndroidManifest.xml:36:13-44
127            android:enabled="true"
127-->[androidx.profileinstaller:profileinstaller:1.3.1] AndroidManifest.xml:37:13-35
128            android:exported="true"
128-->[androidx.profileinstaller:profileinstaller:1.3.1] AndroidManifest.xml:38:13-36
129            android:permission="android.permission.DUMP" >
129-->[androidx.profileinstaller:profileinstaller:1.3.1] AndroidManifest.xml:39:13-57
130            <intent-filter>
130-->[androidx.profileinstaller:profileinstaller:1.3.1] AndroidManifest.xml:40:13-42:29
131                <action android:name="androidx.profileinstaller.action.INSTALL_PROFILE" />
131-->[androidx.profileinstaller:profileinstaller:1.3.1] AndroidManifest.xml:41:17-91
131-->[androidx.profileinstaller:profileinstaller:1.3.1] AndroidManifest.xml:41:25-88
132            </intent-filter>
133            <intent-filter>
133-->[androidx.profileinstaller:profileinstaller:1.3.1] AndroidManifest.xml:43:13-45:29
134                <action android:name="androidx.profileinstaller.action.SKIP_FILE" />
134-->[androidx.profileinstaller:profileinstaller:1.3.1] AndroidManifest.xml:44:17-85
134-->[androidx.profileinstaller:profileinstaller:1.3.1] AndroidManifest.xml:44:25-82
135            </intent-filter>
136            <intent-filter>
136-->[androidx.profileinstaller:profileinstaller:1.3.1] AndroidManifest.xml:46:13-48:29
137                <action android:name="androidx.profileinstaller.action.SAVE_PROFILE" />
137-->[androidx.profileinstaller:profileinstaller:1.3.1] AndroidManifest.xml:47:17-88
137-->[androidx.profileinstaller:profileinstaller:1.3.1] AndroidManifest.xml:47:25-85
138            </intent-filter>
139            <intent-filter>
139-->[androidx.profileinstaller:profileinstaller:1.3.1] AndroidManifest.xml:49:13-51:29
140                <action android:name="androidx.profileinstaller.action.BENCHMARK_OPERATION" />
140-->[androidx.profileinstaller:profileinstaller:1.3.1] AndroidManifest.xml:50:17-95
140-->[androidx.profileinstaller:profileinstaller:1.3.1] AndroidManifest.xml:50:25-92
141            </intent-filter>
142        </receiver>
143    </application>
144
145</manifest>